2018-03-09 21:36:40,732 [INFO] from application in play-dev-mode-akka.actor.default-dispatcher-6 - ApplicationTimer demo: Starting application at 2018-03-10T02:36:40.732Z
2018-03-09 21:36:40,984 [INFO] from play.api.http.EnabledFilters in play-dev-mode-akka.actor.default-dispatcher-6 - Enabled Filters (see <https://www.playframework.com/documentation/latest/Filters>):

    play.filters.csrf.CSRFFilter
    play.filters.headers.SecurityHeadersFilter
    play.filters.hosts.AllowedHostsFilter
    filters.ExampleFilter

2018-03-09 21:36:41,121 [INFO] from play.api.Play in play-dev-mode-akka.actor.default-dispatcher-6 - Application started (Dev)
2018-03-09 21:39:34,740 [INFO] from application in application-akka.actor.default-dispatcher-6 - ApplicationTimer demo: Stopping application at 2018-03-10T02:39:34.740Z after 174s.
2018-03-09 21:39:34,839 [INFO] from application in play-dev-mode-akka.actor.default-dispatcher-10 - ApplicationTimer demo: Starting application at 2018-03-10T02:39:34.839Z
2018-03-09 21:39:34,929 [INFO] from play.api.http.EnabledFilters in play-dev-mode-akka.actor.default-dispatcher-10 - Enabled Filters (see <https://www.playframework.com/documentation/latest/Filters>):

    play.filters.csrf.CSRFFilter
    play.filters.headers.SecurityHeadersFilter
    play.filters.hosts.AllowedHostsFilter
    filters.ExampleFilter

2018-03-09 21:39:34,934 [INFO] from play.api.Play in play-dev-mode-akka.actor.default-dispatcher-10 - Application started (Dev)
2018-03-09 21:40:38,580 [INFO] from application in application-akka.actor.default-dispatcher-11 - ApplicationTimer demo: Stopping application at 2018-03-10T02:40:38.580Z after 64s.
2018-03-09 21:40:38,674 [INFO] from application in play-dev-mode-akka.actor.default-dispatcher-12 - ApplicationTimer demo: Starting application at 2018-03-10T02:40:38.674Z
2018-03-09 21:40:38,746 [INFO] from play.api.http.EnabledFilters in play-dev-mode-akka.actor.default-dispatcher-12 - Enabled Filters (see <https://www.playframework.com/documentation/latest/Filters>):

    play.filters.csrf.CSRFFilter
    play.filters.headers.SecurityHeadersFilter
    play.filters.hosts.AllowedHostsFilter
    filters.ExampleFilter

2018-03-09 21:40:38,753 [INFO] from play.api.Play in play-dev-mode-akka.actor.default-dispatcher-12 - Application started (Dev)
2018-03-09 21:50:27,678 [INFO] from application in application-akka.actor.default-dispatcher-10 - ApplicationTimer demo: Stopping application at 2018-03-10T02:50:27.678Z after 589s.
2018-03-09 21:50:27,763 [INFO] from application in play-dev-mode-akka.actor.default-dispatcher-22 - ApplicationTimer demo: Starting application at 2018-03-10T02:50:27.763Z
2018-03-09 21:50:27,838 [INFO] from play.api.http.EnabledFilters in play-dev-mode-akka.actor.default-dispatcher-22 - Enabled Filters (see <https://www.playframework.com/documentation/latest/Filters>):

    play.filters.csrf.CSRFFilter
    play.filters.headers.SecurityHeadersFilter
    play.filters.hosts.AllowedHostsFilter
    filters.ExampleFilter

2018-03-09 21:50:27,843 [INFO] from play.api.Play in play-dev-mode-akka.actor.default-dispatcher-22 - Application started (Dev)
